<?xml version="1.0" encoding="UTF-8"?>
<testsuite xmlns:xsi="http://www.w3.org/2001/XMLSchema-instance" xsi:noNamespaceSchemaLocation="https://maven.apache.org/surefire/maven-surefire-plugin/xsd/surefire-test-report-3.0.xsd" version="3.0" name="com.paklog.wms.location.domain.repository.LocationMasterRepositoryIntegrationTest" time="3.107" tests="7" errors="0" skipped="0" failures="0">
  <properties>
[...]
</properties>
  <testcase name="findOptimalSlottingLocations" classname="com.paklog.wms.location.domain.repository.LocationMasterRepositoryIntegrationTest" time="0.214">
    <system-out><![CDATA[2025-10-19 09:06:24,822 [main] INFO  o.s.t.c.s.AnnotationConfigContextLoaderUtils - Could not detect default configuration classes for test class [com.paklog.wms.location.domain.repository.LocationMasterRepositoryIntegrationTest]: LocationMasterRepositoryIntegrationTest does not declare any static, non-private, non-final, nested classes annotated with @Configuration.
2025-10-19 09:06:24,836 [main] INFO  o.s.b.t.c.SpringBootTestContextBootstrapper - Found @SpringBootConfiguration com.paklog.wms.location.LocationMasterServiceApplication for test class com.paklog.wms.location.domain.repository.LocationMasterRepositoryIntegrationTest

  .   ____          _            __ _ _
 /\\ / ___'_ __ _ _(_)_ __  __ _ \ \ \ \
( ( )\___ | '_ | '_| | '_ \/ _` | \ \ \ \
 \\/  ___)| |_)| | | | | || (_| |  ) ) ) )
  '  |____| .__|_| |_|_| |_\__, | / / / /
 =========|_|==============|___/=/_/_/_/
 :: Spring Boot ::                (v3.2.0)

2025-10-19 09:06:25,093 [main] INFO  o.t.d.DockerClientProviderStrategy - Loaded org.testcontainers.dockerclient.UnixSocketClientProviderStrategy from ~/.testcontainers.properties, will try it first
2025-10-19 09:06:25,298 [main] WARN  o.t.d.DockerClientProviderStrategy - DOCKER_HOST unix:///Users/claudioed/.docker/run/docker.sock is not listening
2025-10-19 09:06:25,299 [main] INFO  o.t.d.DockerMachineClientProviderStrategy - docker-machine executable was not found on PATH ([/usr/local/bin, /System/Cryptexes/App/usr/bin, /usr/bin, /bin, /usr/sbin, /sbin, /var/run/com.apple.security.cryptexd/codex.system/bootstrap/usr/local/bin, /var/run/com.apple.security.cryptexd/codex.system/bootstrap/usr/bin, /var/run/com.apple.security.cryptexd/codex.system/bootstrap/usr/appleinternal/bin, /usr/local/share/dotnet, ~/.dotnet/tools, /Library/Frameworks/Mono.framework/Versions/Current/Commands, /var/folders/1n/_5t1ntj55s784hhr25d_9_sw0000gn/T/.tmppsIqJz, /Users/claudioed/.codeium/windsurf/bin, /opt/homebrew/opt/openjdk/bin, /Users/claudioed/.sdkman/candidates/quarkus/current/bin, /Users/claudioed/.sdkman/candidates/java/current/bin, /opt/homebrew/opt/openjdk@17/bin, /Library/Frameworks/Python.framework/Versions/3.12/bin, /opt/homebrew/bin, /opt/homebrew/sbin, /Applications/iTerm.app/Contents/Resources/utilities, /Users/claudioed/Library/Application Support/JetBrains/Toolbox/scripts])
2025-10-19 09:06:25,300 [main] ERROR o.t.d.DockerClientProviderStrategy - Could not find a valid Docker environment. Please check configuration. Attempted configurations were:
	UnixSocketClientProviderStrategy: failed with exception InvalidConfigurationException (Could not find unix domain socket). Root cause NoSuchFileException (/var/run/docker.sock)As no valid configuration was found, execution cannot continue.
See https://java.testcontainers.org/on_failure.html for more details.
2025-10-19 09:06:25,300 [main] WARN  c.p.w.l.d.r.LocationMasterRepositoryIntegrationTest - Docker not available, falling back to in-memory H2 database for integration tests: Docker unavailable
2025-10-19 09:06:25,301 [main] INFO  c.p.w.l.d.r.LocationMasterRepositoryIntegrationTest - Starting LocationMasterRepositoryIntegrationTest using Java 21.0.1 with PID 79873 (started by claudioed in /Users/claudioed/development/github/paklog/location-master-service)
2025-10-19 09:06:25,301 [main] DEBUG c.p.w.l.d.r.LocationMasterRepositoryIntegrationTest - Running with Spring Boot v3.2.0, Spring v6.1.1
2025-10-19 09:06:25,301 [main] INFO  c.p.w.l.d.r.LocationMasterRepositoryIntegrationTest - No active profile set, falling back to 1 default profile: "default"
2025-10-19 09:06:25,404 [main] INFO  o.s.d.r.c.RepositoryConfigurationDelegate - Bootstrapping Spring Data JPA repositories in DEFAULT mode.
2025-10-19 09:06:25,433 [main] INFO  o.s.d.r.c.RepositoryConfigurationDelegate - Finished Spring Data repository scanning in 22 ms. Found 1 JPA repository interface.
2025-10-19 09:06:25,561 [main] INFO  o.h.jpa.internal.util.LogHelper - HHH000204: Processing PersistenceUnitInfo [name: default]
2025-10-19 09:06:25,618 [main] INFO  org.hibernate.Version - HHH000412: Hibernate ORM core version 6.3.1.Final
2025-10-19 09:06:25,645 [main] INFO  o.h.c.i.RegionFactoryInitiator - HHH000026: Second-level cache disabled
2025-10-19 09:06:25,725 [main] INFO  o.s.o.j.p.SpringPersistenceUnitInfo - No LoadTimeWeaver setup: ignoring JPA class transformer
2025-10-19 09:06:25,750 [main] INFO  com.zaxxer.hikari.HikariDataSource - HikariPool-1 - Starting...
2025-10-19 09:06:26,004 [main] INFO  com.zaxxer.hikari.pool.HikariPool - HikariPool-1 - Added connection conn0: url=jdbc:h2:mem:testdb user=SA
2025-10-19 09:06:26,005 [main] INFO  com.zaxxer.hikari.HikariDataSource - HikariPool-1 - Start completed.
2025-10-19 09:06:26,030 [main] WARN  org.hibernate.dialect.Dialect - HHH000511: The 2.2.0 version for [org.hibernate.dialect.PostgreSQLDialect] is no longer supported, hence certain features may not work properly. The minimum supported version is 11.0.0. Check the community dialects project for available legacy versions.
2025-10-19 09:06:26,034 [main] WARN  org.hibernate.orm.deprecation - HHH90000025: PostgreSQLDialect does not need to be specified explicitly using 'hibernate.dialect' (remove the property setting and it will be selected by default)
2025-10-19 09:06:26,649 [main] INFO  o.h.e.t.j.p.i.JtaPlatformInitiator - HHH000489: No JTA platform available (set 'hibernate.transaction.jta.platform' to enable JTA platform integration)
2025-10-19 09:06:26,697 [main] INFO  o.s.o.j.LocalContainerEntityManagerFactoryBean - Initialized JPA EntityManagerFactory for persistence unit 'default'
2025-10-19 09:06:26,946 [main] INFO  o.s.d.j.r.query.QueryEnhancerFactory - Hibernate is in classpath; If applicable, HQL parser will be used.
2025-10-19 09:06:27,586 [main] INFO  c.p.w.l.d.r.LocationMasterRepositoryIntegrationTest - Started LocationMasterRepositoryIntegrationTest in 2.748 seconds (process running for 16.607)
]]></system-out>
  </testcase>
  <testcase name="findHierarchyMetadata" classname="com.paklog.wms.location.domain.repository.LocationMasterRepositoryIntegrationTest" time="0.034"/>
  <testcase name="findByWarehouseId" classname="com.paklog.wms.location.domain.repository.LocationMasterRepositoryIntegrationTest" time="0.02"/>
  <testcase name="findLocationsRequiringAttention" classname="com.paklog.wms.location.domain.repository.LocationMasterRepositoryIntegrationTest" time="0.016"/>
  <testcase name="findAvailableLocationsWithCapacity" classname="com.paklog.wms.location.domain.repository.LocationMasterRepositoryIntegrationTest" time="0.017"/>
  <testcase name="findActiveStorageLocations" classname="com.paklog.wms.location.domain.repository.LocationMasterRepositoryIntegrationTest" time="0.018"/>
  <testcase name="findPickPathLocationsOrdersBySequence" classname="com.paklog.wms.location.domain.repository.LocationMasterRepositoryIntegrationTest" time="0.017"/>
</testsuite>